<?xml version="1.0" encoding="utf-8"?><testsuites name="pytest tests"><testsuite name="pytest" errors="0" failures="0" skipped="0" tests="8" time="1.260" timestamp="2026-06-09T19:52:05.973954+00:00" hostname="agent-env-605a8830-ce49-43f8-a167-eeb93e166ab1"><testcase classname="backend.tests.test_brand_typo" name="test_faqs_no_typo" time="0.259" /><testcase classname="backend.tests.test_brand_typo" name="test_pages_no_typo[about]" time="0.066" /><testcase classname="backend.tests.test_brand_typo" name="test_pages_no_typo[works]" time="0.069" /><testcase classname="backend.tests.test_brand_typo" name="test_pages_no_typo[hire]" time="0.068" /><testcase classname="backend.tests.test_brand_typo" name="test_pages_no_typo[contact]" time="0.063" /><testcase classname="backend.tests.test_brand_typo" name="test_admin_login" time="0.301" /><testcase classname="backend.tests.test_brand_typo" name="test_customer_login" time="0.290" /><testcase classname="backend.tests.test_brand_typo" name="test_products_eight_slugs" time="0.077" /></testsuite></testsuites>