<?xml version="1.0" encoding="utf-8"?><testsuites name="pytest tests"><testsuite name="pytest" errors="0" failures="1" skipped="0" tests="19" time="3.375" timestamp="2026-06-09T19:41:12.293724+00:00" hostname="agent-env-605a8830-ce49-43f8-a167-eeb93e166ab1"><testcase classname="backend.tests.test_customer_funnel.TestProducts" name="test_list_products" time="0.242" /><testcase classname="backend.tests.test_customer_funnel.TestProducts" name="test_product_by_slug_creative_lut" time="0.069" /><testcase classname="backend.tests.test_customer_funnel.TestProducts" name="test_product_not_found" time="0.061" /><testcase classname="backend.tests.test_customer_funnel.TestAuth" name="test_register_duplicate" time="0.362" /><testcase classname="backend.tests.test_customer_funnel.TestAuth" name="test_login_wrong_password" time="0.280" /><testcase classname="backend.tests.test_customer_funnel.TestAuth" name="test_login_correct" time="0.277" /><testcase classname="backend.tests.test_customer_funnel.TestAuth" name="test_me_with_token" time="0.053" /><testcase classname="backend.tests.test_customer_funnel.TestAuth" name="test_me_without_token" time="0.053" /><testcase classname="backend.tests.test_customer_funnel.TestAuth" name="test_me_invalid_token" time="0.048" /><testcase classname="backend.tests.test_customer_funnel.TestAuth" name="test_admin_login" time="0.060"><failure message="AssertionError: {&quot;detail&quot;:&quot;Invalid email or password&quot;}&#10;assert 401 == 200&#10; +  where 401 = &lt;Response [401]&gt;.status_code">backend/tests/test_customer_funnel.py:141: in test_admin_login
    assert r.status_code == 200, r.text
E   AssertionError: {"detail":"Invalid email or password"}
E   assert 401 == 200
E    +  where 401 = &lt;Response [401]&gt;.status_code</failure></testcase><testcase classname="backend.tests.test_customer_funnel.TestCheckoutInit" name="test_checkout_init_authenticated_paid" time="0.106" /><testcase classname="backend.tests.test_customer_funnel.TestCheckoutInit" name="test_checkout_init_anonymous" time="0.049" /><testcase classname="backend.tests.test_customer_funnel.TestFreeClaim" name="test_claim_free_success" time="0.104" /><testcase classname="backend.tests.test_customer_funnel.TestFreeClaim" name="test_claim_free_idempotent" time="0.109" /><testcase classname="backend.tests.test_customer_funnel.TestFreeClaim" name="test_claim_free_for_paid_product" time="0.058" /><testcase classname="backend.tests.test_customer_funnel.TestUserAccount" name="test_my_orders" time="0.053" /><testcase classname="backend.tests.test_customer_funnel.TestUserAccount" name="test_change_password_wrong_current" time="0.272" /><testcase classname="backend.tests.test_customer_funnel.TestUserAccount" name="test_change_password_success" time="0.782" /><testcase classname="backend.tests.test_customer_funnel.TestWebhook" name="test_payment_captured_credits_user" time="0.233" /></testsuite></testsuites>