<?xml version="1.0" encoding="utf-8"?><testsuites name="pytest tests"><testsuite name="pytest" errors="0" failures="0" skipped="0" tests="10" time="2.000" timestamp="2026-06-09T19:46:48.203997+00:00" hostname="agent-env-605a8830-ce49-43f8-a167-eeb93e166ab1"><testcase classname="backend.tests.test_customer_funnel.TestProducts" name="test_list_products" time="0.276" /><testcase classname="backend.tests.test_customer_funnel.TestProducts" name="test_product_by_slug_creative_lut" time="0.076" /><testcase classname="backend.tests.test_customer_funnel.TestProducts" name="test_product_not_found" time="0.077" /><testcase classname="backend.tests.test_customer_funnel.TestAuth" name="test_register_duplicate" time="0.368" /><testcase classname="backend.tests.test_customer_funnel.TestAuth" name="test_login_wrong_password" time="0.292" /><testcase classname="backend.tests.test_customer_funnel.TestAuth" name="test_login_correct" time="0.297" /><testcase classname="backend.tests.test_customer_funnel.TestAuth" name="test_me_with_token" time="0.076" /><testcase classname="backend.tests.test_customer_funnel.TestAuth" name="test_me_without_token" time="0.093" /><testcase classname="backend.tests.test_customer_funnel.TestAuth" name="test_me_invalid_token" time="0.078" /><testcase classname="backend.tests.test_customer_funnel.TestAuth" name="test_admin_login" time="0.300" /></testsuite></testsuites>